<component name="libraryTable">
  <library name="junit-4.12">
    <CLASSES>
      <root url="jar://C:/Program Files/Java/mylib/junit-4.12.jar!/" />
    </CLASSES>
    <JAVADOC />
    <SOURCES />
  </library>
</component>